Mon 02/14/2005 
07:13 PM
Reason: GameUpdates         
Mon 02/14/2005 
08:42 PM
Reason: Re-push         
Tue 02/15/2005 
09:04 AM
Reason: supercollapse.png gets noad.png       
Wed 02/16/2005 
01:20 PM
Reason:          
Wed 02/16/2005 
03:24 PM
Reason: Again         
Thu 02/17/2005 
12:04 PM
Reason: New DistCodes        
Thu 02/17/2005 
02:50 PM
Reason: Localization files        
Thu 02/17/2005 
06:22 PM
Reason: Repush         
Thu 02/17/2005 
08:24 PM
Reason: Full games        
Fri 02/18/2005 
12:22 AM
Reason: Localization files        
Fri 02/18/2005 
12:25 PM
Reason: Spiderman ExitAd partial fix      
Fri 02/18/2005 
03:10 PM
Reason: Push stubs        
Fri 02/18/2005 
05:34 PM
Reason: Push new game bits      
Tue 02/22/2005 
 5:49p
Reason:          
Tue 02/22/2005 
 5:54p
Reason:          
Tue 02/22/2005 
 5:56p
Reason:          
Wed 02/23/2005 
11:50 AM
Reason: Move to R10.5 for non-localized distributions    
Wed 02/23/2005 
01:17 PM
Reason: New DistCodes        
Mon 02/28/2005 
01:50 PM
Reason: R10.5 test        
Mon 02/28/2005 
02:08 PM
Reason: RAC 10.5        
Mon 02/28/2005 
02:22 PM
Reason: RAC 10.5        
Mon 02/28/2005 
06:55 PM
Reason: DistCodes.xml         
Tue 03/01/2005 
12:12 PM
Reason: RealArcade_105.exe for EN       
Tue 03/01/2005 
03:38 PM
Reason: RTL HTML for 10.5      
Tue 03/01/2005 
06:41 PM
Reason: New 10.5 HTML.xtr files      
Tue 03/01/2005 
11:58 PM
Reason: Saints         
Wed 03/02/2005 
11:29 AM
Reason: Added Preview04_105.png for RTL-DE      
Wed 03/02/2005 
01:18 PM
Reason: MX HTML for 10.5      
Wed 03/02/2005 
04:11 PM
Reason: FR preview04        
Wed 03/02/2005 
05:32 PM
Reason:          
Thu 03/03/2005 
12:26 PM
Reason:          
Thu 03/03/2005 
03:30 PM
Reason: RealArcade_tray_alpha_1169_212.exe         
Thu 03/03/2005 
05:31 PM
Reason:          
Thu 03/03/2005 
07:04 PM
Reason: R10.5         
Thu 03/03/2005 
07:12 PM
Reason:          
Fri 03/04/2005 
04:17 PM
Reason: New DistCodes.xml        
Fri 03/04/2005 
05:15 PM
Reason: Dylan RAC        
Fri 03/04/2005 
06:20 PM
Reason:          
Fri 03/04/2005 
07:54 PM
Reason:          
Fri 03/04/2005 
08:05 PM
Reason:          
Sun 03/06/2005 
10:33 PM
Reason: supergamehousesolitaire_full_free.rgs         
Tue 03/08/2005 
11:43 AM
Reason:          
Tue 03/08/2005 
11:53 AM
Reason:          
Tue 03/08/2005 
02:32 PM
Reason:          
Tue 03/08/2005 
03:23 PM
Reason: JP TPSs        
Tue 03/08/2005 
03:30 PM
Reason:          
Tue 03/08/2005 
03:46 PM
Reason:          
Tue 03/08/2005 
04:04 PM
Reason:          
Tue 03/08/2005 
04:04 PM
Reason:          
Wed 03/09/2005 
12:10 PM
Reason:          
Wed 03/09/2005 
02:38 PM
Reason:          
Wed 03/09/2005 
02:48 PM
Reason:          
Wed 03/09/2005 
04:19 PM
Reason: New TPSs        
Wed 03/09/2005 
05:39 PM
Reason: Meredith OEM changes       
Wed 03/09/2005 
05:50 PM
Reason: Meredith OEM changes       
Wed 03/09/2005 
05:57 PM
Reason: Meredith OEM changes       
Thu 03/10/2005 
01:56 PM
Reason: Meredith goes partner       
Mon 03/14/2005 
11:43 AM
Reason:          
Mon 03/14/2005 
01:43 PM
Reason: SuperGameHousrSolitaire Full        
Mon 03/14/2005 
02:47 PM
Reason:          
Mon 03/14/2005 
04:05 PM
Reason:          
Mon 03/14/2005 
04:51 PM
Reason:          
Tue 03/15/2005 
11:45 AM
Reason:          
Tue 03/15/2005 
12:08 PM
Reason:          
Tue 03/15/2005 
01:45 PM
Reason:          
Tue 03/15/2005 
02:05 PM
Reason:          
Tue 03/15/2005 
03:17 PM
Reason:          
Tue 03/15/2005 
05:00 PM
Reason: Gauide-DE get prod.rnwk channel      
Tue 03/15/2005 
05:29 PM
Reason:          
Tue 03/15/2005 
 5:31p
Reason:          
Tue 03/15/2005 
05:57 PM
Reason:          
Wed 03/16/2005 
12:08 PM
Reason:          
Wed 03/16/2005 
12:48 PM
Reason: RTL-DE is partner       
Wed 03/16/2005 
02:12 PM
Reason:          
Thu 03/17/2005 
10:09 AM
Reason:          
Thu 03/17/2005 
10:19 AM
Reason:          
Thu 03/17/2005 
12:02 PM
Reason:          
Thu 03/17/2005 
12:15 PM
Reason:          
Thu 03/17/2005 
02:17 PM
Reason:          
Thu 03/17/2005 
02:45 PM
Reason:          
Fri 03/18/2005 
10:59 AM
Reason:          
Fri 03/18/2005 
07:10 PM
Reason: Fix for Game Updates      
Fri 03/18/2005 
07:10 PM
Reason: Fix for Game Updates      
Mon 03/21/2005 
12:36 PM
Reason: DistCodes.csv         
Mon 03/21/2005 
01:12 PM
Reason:          
Mon 03/21/2005 
01:13 PM
Reason: DistCodes.csv         
Tue 03/22/2005 
12:24 PM
Reason: R1Home Locales        
Tue 03/22/2005 
06:11 PM
Reason:          
Wed 03/23/2005 
10:40 AM
Reason: Fix for RTL channel      
Wed 03/23/2005 
11:33 AM
Reason: Push for R1home-xx_ channel change     
Wed 03/23/2005 
02:27 PM
Reason: 1topgames         
Fri 03/25/2005 
06:21 PM
Reason: Localized dailyhtml.xtr        
Mon 03/28/2005 
02:33 PM
Reason: DailyUpdate.xtr         
Tue 03/29/2005 
02:44 PM
Reason: DistCodes.csv         
Wed 03/30/2005 
04:10 PM
Reason: 1topgames.xtr         
Thu 03/31/2005 
01:19 PM
Reason: New 1topgames.xtr        
Fri 04/01/2005 
11:18 AM
Reason: New DistCodes.xml file       
Mon 04/04/2005 
10:54 AM
Reason: Updates.xml         
Wed 04/06/2005 
01:43 PM
Reason: New DistCodes.xml for three new TPSs    
Mon 04/11/2005 
03:40 PM
Reason: HTML_11.xtr for beta test      
Mon 04/11/2005 
04:10 PM
Reason: Added TPS beta_       
Wed 04/13/2005 
03:18 PM
Reason: R11 HTML.xtr        
Wed 04/13/2005 
05:56 PM
Reason: CometSys is a partner      
Fri 04/22/2005 
08:05 AM
Reason: RAC R11 Test       
Fri 04/22/2005 
08:41 AM
Reason: RAC R11 Test       
Fri 04/22/2005 
09:31 AM
Reason: xpcom.dll         
Fri 04/22/2005 
09:51 AM
Reason: More DLLs        
Fri 04/22/2005 
10:34 AM
Reason: Use basleline for R11 test     
Tue 04/26/2005 
11:48 AM
Reason: DistCodes update        
Tue 04/26/2005 
12:21 PM
Reason:          
Tue 04/26/2005 
03:12 PM
Reason:          
Tue 04/26/2005 
03:12 PM
Reason: Update R11 installer       
Tue 04/26/2005 
03:52 PM
Reason: Localizations get Currency Codes      
Tue 04/26/2005 
07:59 PM
Reason:          
Tue 04/26/2005 
08:02 PM
Reason:          
Wed 04/27/2005 
11:02 AM
Reason: International         
Wed 04/27/2005 
12:44 PM
Reason: Get rid of xpcom.dll dependency     
Wed 04/27/2005 
01:23 PM
Reason:          
Thu 04/28/2005 
01:58 PM
Reason: ES goes R11       
Thu 04/28/2005 
02:11 PM
Reason: googlecon_         
Thu 04/28/2005 
02:35 PM
Reason: R11 goes live for all     
Thu 04/28/2005 
03:36 PM
Reason:          
Thu 05/05/2005 
10:05 AM
Reason: 1topgames.xtr         
Thu 05/05/2005 
10:47 AM
Reason: Google Intall Option test      
Fri 05/06/2005 
05:10 PM
Reason:          
Sat 05/07/2005 
05:38 PM
Reason: GoogleInstallOptions.bat         
Wed 05/11/2005 
06:36 PM
Reason: GoogleInstApp         
Thu 05/12/2005 
02:53 PM
Reason: New TPSs        
Thu 05/12/2005 
03:44 PM
Reason: GoogleInstApp         
Thu 05/12/2005 
04:04 PM
Reason: GoogleInstApp Two        
Thu 05/12/2005 
06:44 PM
Reason: GoogleInstApp         
Fri 05/13/2005 
12:27 PM
Reason: DistCodes.xml         
Fri 05/13/2005 
01:47 PM
Reason: DistCodes.cvs         
Mon 05/16/2005 
07:58 PM
Reason: Google Toolbar chnages       
Thu 05/19/2005 
10:22 AM
Reason: google-de_         
Tue 05/24/2005 
12:41 PM
Reason:          
Wed 05/25/2005 
01:46 PM
Reason: JP RGPs        
Wed 06/01/2005 
04:55 PM
Reason: 1topgames.xtr for UK       
Thu 06/02/2005 
06:07 PM
Reason: XSLT file for FileMaker      
Thu 06/09/2005 
02:59 PM
Reason: JP RGPs        
Thu 06/09/2005 
05:19 PM
Reason: Install pings say successful      
Thu 06/09/2005 
08:12 PM
Reason: Added DistCode LOST for install ping error handling  
Wed 06/15/2005 
05:13 PM
Reason: Lexico and ScreenSaver go partner     
Fri 06/17/2005 
02:33 PM
Reason: JP game RGPs       
Mon 06/20/2005 
10:16 AM
Reason: IJG1 impres-jp_        
Mon 06/20/2005 
11:10 AM
Reason: DistCodes for new release      
Tue 06/21/2005 
12:45 PM
Reason: GameHouse Google fix       
Wed 06/22/2005 
05:32 PM
Reason: TPS eu_ gets fake language and country EU  
Wed 06/22/2005 
06:10 PM
Reason: TPS eu_ gets fake language and country EU  
Mon 06/27/2005 
12:05 PM
Reason: Games Release        
Mon 06/27/2005 
04:25 PM
Reason: EU is SE       
Sat 07/02/2005 
07:57 PM
Reason: Temporary fix for Hyperballiod:TNC installer image    
Fri 07/08/2005 
08:45 AM
Reason: JP RGPs        
Mon 07/11/2005 
08:35 PM
Reason: New GameGuide online pings      
Fri 11/11/2005 
03:49 PM
Reason:          
Wed 11/16/2005 
11:05 AM
Reason:          
Wed 11/16/2005 
11:13 AM
Reason:          
Fri 11/18/2005 
02:28 PM
Reason:          
Mon 12/05/2005 
01:42 PM
Reason:          
Tue 12/27/2005 
12:30 PM
Reason:          
Thu 01/12/2006 
11:25 AM
Reason:          
Wed 03/22/2006 
04:39 PM
Reason:          
Wed 03/14/2007 
10:27 PM
Reason:          
Thu 10/25/2007 
02:52 PM
Reason:          
Tue 04/29/2008 
01:39 PM
Reason:          
