10.34.240.66 2013/11/26 11:32:01 [16991]
2013/11/27 03:33:06 [28405] building file list
2013/11/27 03:34:41 [28405] 122220 files to consider
2013/11/27 03:34:42 [28405] .d..t...... ./
2013/11/27 03:34:42 [28405] <f..t...... .DS_Store
2013/11/27 03:34:42 [28405] <f.st...... 1
2013/11/27 03:34:44 [28405] <f..t...... 1.bak
2013/11/27 03:34:45 [28405] <f..t...... 1mb.bin
2013/11/27 03:34:45 [28405] <f..t...... DeployDistCodes.bat
2013/11/27 03:34:45 [28405] <f..t...... DeployDistCodes.bat~
2013/11/27 03:34:45 [28405] <f..t...... EXCLUDE
2013/11/27 03:34:45 [28405] <f..t...... EXCLUDE.orig
2013/11/27 03:34:45 [28405] <f..t...... GoogleTest.xml
2013/11/27 03:34:45 [28405] <f..t...... betaGameDataCache.xml
2013/11/27 03:34:45 [28405] <f..t...... dh
2013/11/27 03:34:45 [28405] <f..t...... gameconsole
2013/11/27 03:34:45 [28405] <f..t...... gameconsole_push.bat
2013/11/27 03:34:45 [28405] <f..t...... go-ahead-push-gameconsole
2013/11/27 03:34:45 [28405] <f..t...... health-check-NEVER-DELETE-ME
2013/11/27 03:34:45 [28405] <f..t...... missing_files_list.txt
2013/11/27 03:34:45 [28405] <f..t...... push-download-live
2013/11/27 03:34:45 [28405] <f+++++++++ push-gameconsole
2013/11/27 03:34:45 [28405] <f.st...... push-gameconsole-all.log
2013/11/27 03:34:45 [28405] <f..t...... push.gameconsole.log
