building file list ... done
./
1
push-gameconsole-all.log
push.gameconsole.log
push.to.10.33.4.50.log
push.to.10.33.4.51.log
push.to.nfs-dl01.real.com.log
push.to.nfs-dl02.real.com.log
push.to.nfs-dl03.real.com.log
push.to.nfs-dl04.real.com.log
push.to.origin-nfs01.gameco.biz.log
push.to.origin-nfs02.gameco.biz.log
betatest/push.to.nfs-dl01.real.com.log
betatest/push.to.nfs-dl04.real.com.log
betatest/push.to.origin-nfs01.gameco.biz.log
betatest/push.to.origin-nfs02.gameco.biz.log
games/demo/mezzanines/1912titanicmystery_free.mez
games/demo/mezzanines/3dayszoomysteryde_free.mez
games/demo/mezzanines/3dayszoomysteryfr_free.mez
games/demo/mezzanines/farmmania2_free.mez
games/demo/mezzanines/kittensanctuaryde_free.mez
games/demo/mezzanines/kittensanctuaryfr_free.mez
games/demo/mezzanines/mortimerbeckettandthelostking_free.mez
games/demo/mezzanines/nataliebrooksmysteryathillcresthigh_free.mez
games/demo/mezzanines/smashfrenzy2_free.mez
games/demo/mezzanines/smashfrenzy4_free.mez
games/full/mezzanines/1912titanicmystery_full.mez
games/full/mezzanines/3dayszoomysteryde_full.mez
games/full/mezzanines/3dayszoomysteryfr_full.mez
games/full/mezzanines/farmmania2_full.mez
games/full/mezzanines/kittensanctuaryde_full.mez
games/full/mezzanines/kittensanctuaryfr_full.mez
games/full/mezzanines/mortimerbeckettandthelostking_full.mez
games/full/mezzanines/nataliebrooksmysteryathillcresthigh_full.mez
games/full/mezzanines/smashfrenzy2_full.mez
games/full/mezzanines/smashfrenzy4_full.mez
realarcadev21/games/
realarcadev21/games/am-dreamdayweddingvivalasvegas/am-dreamdayweddingvivalasvegas.rga
realarcadev21/games/am-smashfrenzy2/
realarcadev21/games/am-smashfrenzy2/am-smashfrenzy2.rga
realarcadev21/games/am-smashfrenzy4/
realarcadev21/games/am-smashfrenzy4/am-smashfrenzy4.rga
realarcadev21/games/amg-dreamdayweddingvivalasvegas/
realarcadev21/games/amg-dreamdayweddingvivalasvegas/amg-dreamdayweddingvivalasvegas.rga
updatesgold/
updatesgold/1
updatesgold/push-gameconsoleupdatesgold-all.log
updatesgold/push.gameconsoleupdatesgold.log
updatesgold/push.to.nfs-dl01.real.com.log
updatesgold/push.to.nfs-dl02.real.com.log
updatesgold/push.to.nfs-dl03.real.com.log
updatesgold/push.to.nfs-dl04.real.com.log
updatesgold/push.to.origin-nfs01.gameco.biz.log
updatesgold/push.to.origin-nfs02.gameco.biz.log
updatesgold/deltahtmls/
updatesgold/deltahtmls/1topgamestest.xtr
updatesgold/deltahtmls/2topgamestest.xtr
updatesgold/deltahtmls/012010/
updatesgold/deltahtmls/012010/012010.xtr

sent 271172615 bytes  received 184554 bytes  1118998.64 bytes/sec
total size is 210286648979  speedup is 774.94
